[INFO] 23:26:04:758 PLANIFICADOR/(10480:10958): El proceso ESI es ESI1

[INFO] 23:26:04:760 PLANIFICADOR/(10480:10482): GET OK en Planificador
[INFO] 23:26:04:799 PLANIFICADOR/(10480:10482): SET OK en Planificador
[INFO] 23:26:04:800 PLANIFICADOR/(10480:10482): GET OK en Planificador
[INFO] 23:26:10:707 PLANIFICADOR/(10480:10964): El proceso ESI es ESI1

[INFO] 23:26:10:709 PLANIFICADOR/(10480:10482): GET OK en Planificador
[INFO] 23:30:16:730 PLANIFICADOR/(11017:11063): El proceso ESI es ESI1

[INFO] 23:30:16:732 PLANIFICADOR/(11017:11019): GET OK en Planificador
[INFO] 23:30:16:771 PLANIFICADOR/(11017:11019): SET OK en Planificador
[INFO] 23:30:16:772 PLANIFICADOR/(11017:11019): GET OK en Planificador
[INFO] 23:30:19:637 PLANIFICADOR/(11017:11069): El proceso ESI es ESI1

[INFO] 23:30:19:639 PLANIFICADOR/(11017:11019): GET OK en Planificador
[INFO] 23:32:14:816 PLANIFICADOR/(11178:11199): El proceso ESI es ESI1

[INFO] 23:32:14:817 PLANIFICADOR/(11178:11180): GET OK en Planificador
[INFO] 23:32:14:856 PLANIFICADOR/(11178:11180): SET OK en Planificador
[INFO] 23:32:14:857 PLANIFICADOR/(11178:11180): GET OK en Planificador
[INFO] 23:32:17:788 PLANIFICADOR/(11178:11205): El proceso ESI es ESI1

[INFO] 23:32:17:789 PLANIFICADOR/(11178:11180): GET OK en Planificador
[INFO] 23:49:49:286 PLANIFICADOR/(11634:11650): El proceso ESI es ESI1

[INFO] 23:49:49:287 PLANIFICADOR/(11634:11636): GET OK en Planificador
[INFO] 23:49:49:328 PLANIFICADOR/(11634:11636): SET OK en Planificador
[INFO] 23:49:49:329 PLANIFICADOR/(11634:11636): GET OK en Planificador
[INFO] 23:49:53:25 PLANIFICADOR/(11634:11656): El proceso ESI es ESI1

[INFO] 23:49:53:27 PLANIFICADOR/(11634:11636): GET OK en Planificador
[INFO] 23:50:02:801 PLANIFICADOR/(11634:11636): SET OK en Planificador
[INFO] 23:50:02:803 PLANIFICADOR/(11634:11636): SET OK en Planificador
[INFO] 23:50:02:804 PLANIFICADOR/(11634:11636): SET OK en Planificador
[INFO] 23:50:02:806 PLANIFICADOR/(11634:11636): SET OK en Planificador
[INFO] 23:50:02:807 PLANIFICADOR/(11634:11636): SET OK en Planificador
[INFO] 23:50:02:809 PLANIFICADOR/(11634:11636): SET OK en Planificador
[INFO] 23:50:02:810 PLANIFICADOR/(11634:11636): SET OK en Planificador
[INFO] 23:50:02:814 PLANIFICADOR/(11634:11636): SET OK en Planificador
[INFO] 23:50:02:816 PLANIFICADOR/(11634:11636): SET OK en Planificador
[INFO] 23:50:02:817 PLANIFICADOR/(11634:11636): SET OK en Planificador
[INFO] 23:50:02:819 PLANIFICADOR/(11634:11636): SET OK en Planificador
[INFO] 09:02:33:146 PLANIFICADOR/(13107:13118): El proceso ESI es ESI1

[INFO] 09:02:33:148 PLANIFICADOR/(13107:13109): GET OK en Planificador
[INFO] 09:02:33:186 PLANIFICADOR/(13107:13109): SET OK en Planificador
[INFO] 09:02:33:188 PLANIFICADOR/(13107:13109): GET OK en Planificador
[INFO] 09:02:33:190 PLANIFICADOR/(13107:13109): SET OK en Planificador
[INFO] 09:02:33:191 PLANIFICADOR/(13107:13109): SET OK en Planificador
[INFO] 09:02:33:192 PLANIFICADOR/(13107:13109): SET OK en Planificador
[INFO] 09:02:33:194 PLANIFICADOR/(13107:13109): SET OK en Planificador
[INFO] 09:02:33:195 PLANIFICADOR/(13107:13109): SET OK en Planificador
[INFO] 09:02:33:197 PLANIFICADOR/(13107:13109): SET OK en Planificador
[INFO] 09:02:33:198 PLANIFICADOR/(13107:13109): SET OK en Planificador
[INFO] 09:02:33:199 PLANIFICADOR/(13107:13109): SET OK en Planificador
[INFO] 09:02:33:201 PLANIFICADOR/(13107:13109): SET OK en Planificador
[INFO] 09:02:33:203 PLANIFICADOR/(13107:13109): SET OK en Planificador
[INFO] 09:02:33:215 PLANIFICADOR/(13107:13109): SET OK en Planificador
[INFO] 09:02:33:219 PLANIFICADOR/(13107:13109):  STORE OK al Planificador
[INFO] 09:02:33:224 PLANIFICADOR/(13107:13109):  STORE OK al Planificador
[INFO] 09:02:33:224 PLANIFICADOR/(13107:13118): El proceso ESI finalizado es ESI1

[INFO] 09:02:36:87 PLANIFICADOR/(13107:13124): El proceso ESI es ESI1

[INFO] 09:02:36:89 PLANIFICADOR/(13107:13109): GET OK en Planificador
[INFO] 09:02:36:129 PLANIFICADOR/(13107:13109): SET OK en Planificador
[INFO] 09:02:36:132 PLANIFICADOR/(13107:13109):  STORE OK al Planificador
[INFO] 09:02:36:133 PLANIFICADOR/(13107:13109): GET OK en Planificador
[INFO] 09:02:36:135 PLANIFICADOR/(13107:13109): SET OK en Planificador
[INFO] 09:02:36:138 PLANIFICADOR/(13107:13109):  STORE OK al Planificador
[INFO] 09:02:36:139 PLANIFICADOR/(13107:13109): GET OK en Planificador
[INFO] 09:02:36:141 PLANIFICADOR/(13107:13109): SET OK en Planificador
[INFO] 09:02:36:144 PLANIFICADOR/(13107:13109):  STORE OK al Planificador
[INFO] 09:02:36:159 PLANIFICADOR/(13107:13109): GET OK en Planificador
[INFO] 09:02:36:160 PLANIFICADOR/(13107:13109): SET OK en Planificador
[INFO] 09:02:36:167 PLANIFICADOR/(13107:13109):  STORE OK al Planificador
[INFO] 09:02:36:168 PLANIFICADOR/(13107:13109): GET OK en Planificador
[INFO] 09:02:36:169 PLANIFICADOR/(13107:13109): SET OK en Planificador
[INFO] 09:02:36:173 PLANIFICADOR/(13107:13109):  STORE OK al Planificador
[INFO] 09:02:36:174 PLANIFICADOR/(13107:13109): GET OK en Planificador
[INFO] 09:02:36:186 PLANIFICADOR/(13107:13109): SET OK en Planificador
[INFO] 09:02:36:196 PLANIFICADOR/(13107:13109):  STORE OK al Planificador
[INFO] 09:02:36:198 PLANIFICADOR/(13107:13109): GET OK en Planificador
[INFO] 09:02:36:200 PLANIFICADOR/(13107:13109): SET OK en Planificador
[INFO] 09:02:36:202 PLANIFICADOR/(13107:13109):  STORE OK al Planificador
[INFO] 09:02:36:205 PLANIFICADOR/(13107:13109): GET OK en Planificador
[INFO] 09:02:36:210 PLANIFICADOR/(13107:13109): SET OK en Planificador
[INFO] 09:02:36:218 PLANIFICADOR/(13107:13109):  STORE OK al Planificador
[INFO] 09:02:36:219 PLANIFICADOR/(13107:13109): GET OK en Planificador
[INFO] 09:02:36:221 PLANIFICADOR/(13107:13109): SET OK en Planificador
[INFO] 09:02:36:230 PLANIFICADOR/(13107:13109):  STORE OK al Planificador
[INFO] 09:02:36:232 PLANIFICADOR/(13107:13109): GET OK en Planificador
[INFO] 09:02:36:233 PLANIFICADOR/(13107:13109): SET OK en Planificador
[INFO] 09:02:36:235 PLANIFICADOR/(13107:13109):  STORE OK al Planificador
[INFO] 09:02:36:236 PLANIFICADOR/(13107:13124): El proceso ESI finalizado es ESI1

[INFO] 15:13:24:296 PLANIFICADOR/(13632:13643): El proceso ESI es ESI1

[INFO] 15:13:24:297 PLANIFICADOR/(13632:13634): GET OK en Planificador
[INFO] 15:13:24:337 PLANIFICADOR/(13632:13634): SET OK en Planificador
[INFO] 15:13:24:338 PLANIFICADOR/(13632:13634): GET OK en Planificador
[INFO] 15:13:25:791 PLANIFICADOR/(13632:13649): El proceso ESI es ESI1

[INFO] 15:13:25:793 PLANIFICADOR/(13632:13634): GET OK en Planificador
[INFO] 15:13:37:421 PLANIFICADOR/(13632:13634): SET OK en Planificador
[INFO] 15:13:37:424 PLANIFICADOR/(13632:13634): SET OK en Planificador
[INFO] 15:13:37:425 PLANIFICADOR/(13632:13634): SET OK en Planificador
[INFO] 15:13:37:426 PLANIFICADOR/(13632:13634): SET OK en Planificador
[INFO] 15:13:37:427 PLANIFICADOR/(13632:13634): SET OK en Planificador
[INFO] 15:13:37:432 PLANIFICADOR/(13632:13634): SET OK en Planificador
[INFO] 15:13:37:434 PLANIFICADOR/(13632:13634): SET OK en Planificador
[INFO] 15:13:37:436 PLANIFICADOR/(13632:13634): SET OK en Planificador
[INFO] 15:13:37:437 PLANIFICADOR/(13632:13634): SET OK en Planificador
[INFO] 15:13:37:439 PLANIFICADOR/(13632:13634): SET OK en Planificador
[INFO] 15:13:37:440 PLANIFICADOR/(13632:13634): SET OK en Planificador
